#
# A fatal error has been detected by the Java Runtime Environment:
#
#  Internal Error (javaClasses.cpp:129), pid=7880, tid=7920
#  fatal error: Invalid layout of preloaded class
#
# JRE version: 7.0_21-b11
# Java VM: Java HotSpot(TM) 64-Bit Server VM (23.21-b01 mixed mode windows-amd64 compressed oops)
# Failed to write core dump. Minidumps are not enabled by default on client versions of Windows
#
# If you would like to submit a bug report, please visit:
#   http://bugreport.sun.com/bugreport/crash.jsp
#

---------------  T H R E A D  ---------------

Current thread (0x00000000027bd000):  JavaThread "Unknown thread" [_thread_in_vm, id=7920, stack(0x0000000002a80000,0x0000000002b80000)]

Stack: [0x0000000002a80000,0x0000000002b80000]

---------------  P R O C E S S  ---------------

Java Threads: ( => current thread )

Other Threads:

=>0x00000000027bd000 (exited) JavaThread "Unknown thread" [_thread_in_vm, id=7920, stack(0x0000000002a80000,0x0000000002b80000)]

VM state:not at safepoint (not fully initialized)

VM Mutex/Monitor currently owned by a thread: None

GC Heap History (0 events):
No events

Deoptimization events (0 events):
No events

Internal exceptions (0 events):
No events

Events (10 events):
Event: 0.015 loading class 0x0000000002720a00 done
Event: 0.015 loading class 0x00000000026e2a50 done
Event: 0.015 loading class 0x00000000026e2a20
Event: 0.015 loading class 0x0000000002729960
Event: 0.015 loading class 0x0000000002729960 done
Event: 0.015 loading class 0x00000000027299a0
Event: 0.016 loading class 0x00000000027299a0 done
Event: 0.016 loading class 0x0000000008edf120
Event: 0.016 loading class 0x0000000008edf120 done
Event: 0.016 loading class 0x00000000026e2a20 done


Dynamic libraries:
0x000000013f2e0000 - 0x000000013f313000 	C:\Program Files\Java\jre7\bin\javaw.exe
0x00000000776b0000 - 0x0000000077859000 	C:\Windows\SYSTEM32\ntdll.dll
0x0000000077590000 - 0x00000000776af000 	C:\Windows\system32\kernel32.dll
0x000007fefd760000 - 0x000007fefd7cb000 	C:\Windows\system32\KERNELBASE.dll
0x000007feff840000 - 0x000007feff91b000 	C:\Windows\system32\ADVAPI32.dll
0x000007fefedc0000 - 0x000007fefee5f000 	C:\Windows\system32\msvcrt.dll
0x000007feff240000 - 0x000007feff25f000 	C:\Windows\SYSTEM32\sechost.dll
0x000007fefeee0000 - 0x000007feff00d000 	C:\Windows\system32\RPCRT4.dll
0x0000000077490000 - 0x000000007758a000 	C:\Windows\system32\USER32.dll
0x000007fefee70000 - 0x000007fefeed7000 	C:\Windows\system32\GDI32.dll
0x000007fefee60000 - 0x000007fefee6e000 	C:\Windows\system32\LPK.dll
0x000007fefd830000 - 0x000007fefd8f9000 	C:\Windows\system32\USP10.dll
0x000007fefbe30000 - 0x000007fefc024000 	C:\Windows\WinSxS\amd64_microsoft.windows.common-controls_6595b64144ccf1df_6.0.7601.17514_none_fa396087175ac9ac\COMCTL32.dll
0x000007feff440000 - 0x000007feff4b1000 	C:\Windows\system32\SHLWAPI.dll
0x000007feff0f0000 - 0x000007feff11e000 	C:\Windows\system32\IMM32.DLL
0x000007feff4c0000 - 0x000007feff5c9000 	C:\Windows\system32\MSCTF.dll
0x000007fefd390000 - 0x000007fefd3d6000 	C:\Windows\system32\nvinitx.dll
0x000000000f000000 - 0x000000000f006000 	C:\Program Files\NVIDIA Corporation\CoProcManager\_etoured.dll
0x000007fefa7e0000 - 0x000007fefa835000 	C:\Program Files\NVIDIA Corporation\CoProcManager\nvd3d9wrapx.dll
0x000007feff260000 - 0x000007feff437000 	C:\Windows\system32\SETUPAPI.dll
0x000007fefd7d0000 - 0x000007fefd806000 	C:\Windows\system32\CFGMGR32.dll
0x000007feff010000 - 0x000007feff0e7000 	C:\Windows\system32\OLEAUT32.dll
0x000007feff5d0000 - 0x000007feff7d3000 	C:\Windows\system32\ole32.dll
0x000007fefd810000 - 0x000007fefd82a000 	C:\Windows\system32\DEVOBJ.dll
0x000007fefa700000 - 0x000007fefa73d000 	C:\Program Files\NVIDIA Corporation\CoProcManager\nvdxgiwrapx.dll
0x000000006d770000 - 0x000000006d841000 	C:\Program Files\Java\jre7\bin\msvcr100.dll
0x0000000063e20000 - 0x0000000064541000 	C:\Program Files\Java\jre7\bin\server\jvm.dll
0x000007fef8860000 - 0x000007fef8869000 	C:\Windows\system32\WSOCK32.dll
0x000007fefdfe0000 - 0x000007fefe02d000 	C:\Windows\system32\WS2_32.dll
0x000007fefdfd0000 - 0x000007fefdfd8000 	C:\Windows\system32\NSI.dll
0x000007fefb400000 - 0x000007fefb43b000 	C:\Windows\system32\WINMM.dll
0x0000000077880000 - 0x0000000077887000 	C:\Windows\system32\PSAPI.DLL
0x000000006f780000 - 0x000000006f78f000 	C:\Program Files\Java\jre7\bin\verify.dll
0x000000006e820000 - 0x000000006e848000 	C:\Program Files\Java\jre7\bin\java.dll
0x000000005f4e0000 - 0x000000005f515000 	C:\Program Files\Java\jre7\bin\jdwp.dll
0x000000006dca0000 - 0x000000006dca8000 	C:\Program Files\Java\jre7\bin\npt.dll
0x000000006f760000 - 0x000000006f775000 	C:\Program Files\Java\jre7\bin\zip.dll

VM Arguments:
jvm_args: -agentlib:jdwp=transport=dt_socket,suspend=y,address=localhost:37522 -Dfile.encoding=UTF-8 -Xbootclasspath:D:\android\sdk\platforms\android-19\android.jar 
java_command: com.example.shundeud.Web
Launcher Type: SUN_STANDARD

Environment Variables:
JAVA_HOME=C:\Program Files\Java\jdk1.7.0_21
PATH=C:\Windows\system32;C:\Windows;C:\Windows\System32\Wbem;C:\Windows\System32\WindowsPowerShell\v1.0\;C:\Program Files (x86)\Microsoft SQL Server\100\Tools\Binn\;C:\Program Files\Microsoft SQL Server\100\Tools\Binn\;C:\Program Files\Microsoft SQL Server\100\DTS\Binn\;C:\Program Files (x86)\Microsoft SQL Server\100\Tools\Binn\VSShell\Common7\IDE\;C:\Program Files (x86)\Microsoft Visual Studio 9.0\Common7\IDE\PrivateAssemblies\;C:\Program Files (x86)\Microsoft SQL Server\100\DTS\Binn\;C:\Program Files\Microsoft\Web Platform Installer\;C:\Program Files (x86)\Microsoft ASP.NET\ASP.NET Web Pages\v1.0\;C:\Program Files (x86)\Windows Kits\8.0\Windows Performance Toolkit\;C:\Program Files\Microsoft SQL Server\110\Tools\Binn\;C:\Program Files\Java\jdk1.7.0_21\bin;C:\Program Files\Java\jdk1.7.0_21\jre\bin;C:\Program Files\MySQL\MySQL Server 5.6\bin;.;;.;
USERNAME=Administrator
OS=Windows_NT
PROCESSOR_IDENTIFIER=Intel64 Family 6 Model 42 Stepping 7, GenuineIntel



---------------  S Y S T E M  ---------------

OS: Windows 7 , 64 bit Build 7601 Service Pack 1

CPU:total 4 (2 cores per cpu, 2 threads per core) family 6 model 42 stepping 7, cmov, cx8, fxsr, mmx, sse, sse2, sse3, ssse3, sse4.1, sse4.2, popcnt, avx, ht, tsc, tscinvbit

Memory: 4k page, physical 4040880k(549252k free), swap 8079896k(1404208k free)

vm_info: Java HotSpot(TM) 64-Bit Server VM (23.21-b01) for windows-amd64 JRE (1.7.0_21-b11), built on Apr  4 2013 08:11:28 by "java_re" with unknown MS VC++:1600

time: Tue Jan 13 16:01:13 2015
elapsed time: 0 seconds

